::1 - - [17/Nov/2025:09:10:17 -0500] "GET /phpmyadmin HTTP/1.1" 301 241
::1 - - [17/Nov/2025:09:10:17 -0500] "GET / HTTP/1.1" 200 99591
::1 - - [17/Nov/2025:09:10:17 -0500] "GET /phpmyadmin/ HTTP/1.1" 200 3454
::1 - - [17/Nov/2025:09:10:18 -0500] "GET /phpmyadmin/themes/pmahomme/jquery/jquery-ui.css HTTP/1.1" 200 36566
::1 - - [17/Nov/2025:09:10:18 -0500] "GET /phpmyadmin/js/codemirror/lib/codemirror.css?v=4.7.5 HTTP/1.1" 200 8132
::1 - - [17/Nov/2025:09:10:18 -0500] "GET /phpmyadmin/js/codemirror/addon/hint/show-hint.css?v=4.7.5 HTTP/1.1" 200 623
::1 - - [17/Nov/2025:09:10:18 -0500] "GET /phpmyadmin/js/codemirror/addon/lint/lint.css?v=4.7.5 HTTP/1.1" 200 2999
::1 - - [17/Nov/2025:09:10:18 -0500] "GET /phpmyadmin/js/get_scripts.js.php?scripts%5B%5D=jquery/jquery.ba-hashchange-1.3.js&scripts%5B%5D=jquery/jquery.debounce-1.0.5.js&scripts%5B%5D=menu-resizer.js&scripts%5B%5D=cross_framing_protection.js&scripts%5B%5D=rte.js&scripts%5B%5D=tracekit/tracekit.js&scripts%5B%5D=error_report.js&scripts%5B%5D=config.js&scripts%5B%5D=doclinks.js&scripts%5B%5D=functions.js&v=4.7.5 HTTP/1.1" 200 77087
::1 - - [17/Nov/2025:09:10:18 -0500] "GET /phpmyadmin/phpmyadmin.css.php?nocache=5290165826ltr&server=1 HTTP/1.1" 200 20133
::1 - - [17/Nov/2025:09:10:18 -0500] "GET /phpmyadmin/js/get_scripts.js.php?scripts%5B%5D=jquery/jquery.min.js&scripts%5B%5D=jquery/jquery-migrate-3.0.0.js&scripts%5B%5D=sprintf.js&scripts%5B%5D=ajax.js&scripts%5B%5D=keyhandler.js&scripts%5B%5D=jquery/jquery-ui.min.js&scripts%5B%5D=jquery/jquery.cookie.js&scripts%5B%5D=jquery/jquery.mousewheel.js&scripts%5B%5D=jquery/jquery.event.drag-2.2.js&scripts%5B%5D=jquery/jquery-ui-timepicker-addon.js&v=4.7.5 HTTP/1.1" 200 138876
::1 - - [17/Nov/2025:09:10:19 -0500] "GET /phpmyadmin/themes/pmahomme/img/logo_right.png HTTP/1.1" 200 4601
::1 - - [17/Nov/2025:09:10:19 -0500] "GET /phpmyadmin/themes/dot.gif HTTP/1.1" 200 43
::1 - - [17/Nov/2025:09:10:18 -0500] "GET /phpmyadmin/js/get_scripts.js.php?scripts%5B%5D=navigation.js&scripts%5B%5D=indexes.js&scripts%5B%5D=common.js&scripts%5B%5D=page_settings.js&scripts%5B%5D=shortcuts_handler.js&scripts%5B%5D=codemirror/lib/codemirror.js&scripts%5B%5D=codemirror/mode/sql/sql.js&scripts%5B%5D=codemirror/addon/runmode/runmode.js&scripts%5B%5D=codemirror/addon/hint/show-hint.js&scripts%5B%5D=codemirror/addon/hint/sql-hint.js&v=4.7.5 HTTP/1.1" 200 135447
::1 - - [17/Nov/2025:09:10:18 -0500] "GET /phpmyadmin/js/get_scripts.js.php?scripts%5B%5D=codemirror/addon/lint/lint.js&scripts%5B%5D=codemirror/addon/lint/sql-lint.js&scripts%5B%5D=console.js&v=4.7.5 HTTP/1.1" 200 13176
::1 - - [17/Nov/2025:09:10:18 -0500] "GET /phpmyadmin/js/whitelist.php?v=4.7.5&lang=es&collation_connection=utf8mb4_unicode_ci HTTP/1.1" 200 475
::1 - - [17/Nov/2025:09:10:19 -0500] "GET /phpmyadmin/js/messages.php?l=es&v=4.7.5&lang=es&collation_connection=utf8mb4_unicode_ci HTTP/1.1" 200 9798
::1 - - [17/Nov/2025:09:10:19 -0500] "GET /phpmyadmin/themes/pmahomme/css/printview.css?v=4.7.5 HTTP/1.1" 200 2746
::1 - - [17/Nov/2025:09:10:19 -0500] "GET /phpmyadmin/js/get_image.js.php?theme=pmahomme&v=4.7.5&lang=es&collation_connection=utf8mb4_unicode_ci HTTP/1.1" 200 1841
::1 - - [17/Nov/2025:09:10:19 -0500] "GET /phpmyadmin/themes/pmahomme/img/sprites.png?v=4.7.5 HTTP/1.1" 200 15764
::1 - - [17/Nov/2025:09:10:20 -0500] "GET /phpmyadmin/favicon.ico HTTP/1.1" 200 22486
::1 - - [17/Nov/2025:09:10:27 -0500] "POST /phpmyadmin/index.php HTTP/1.1" 302 25
::1 - - [17/Nov/2025:09:10:28 -0500] "GET /phpmyadmin/index.php HTTP/1.1" 200 14065
::1 - - [17/Nov/2025:09:10:28 -0500] "GET /phpmyadmin/themes/pmahomme/img/logo_left.png HTTP/1.1" 200 2827
::1 - - [17/Nov/2025:09:10:28 -0500] "GET /phpmyadmin/phpmyadmin.css.php?nocache=7053554454ltr&server=1 HTTP/1.1" 200 20133
::1 - - [17/Nov/2025:09:10:28 -0500] "GET /phpmyadmin/js/whitelist.php?v=4.7.5 HTTP/1.1" 200 475
::1 - - [17/Nov/2025:09:10:28 -0500] "GET /phpmyadmin/js/messages.php?l=es&v=4.7.5 HTTP/1.1" 200 9798
::1 - - [17/Nov/2025:09:10:29 -0500] "GET /phpmyadmin/themes/pmahomme/img/ajax_clock_small.gif HTTP/1.1" 200 1810
::1 - - [17/Nov/2025:09:10:29 -0500] "GET /phpmyadmin/themes/pmahomme/img/s_collapseall.png HTTP/1.1" 200 170
::1 - - [17/Nov/2025:09:10:28 -0500] "GET /phpmyadmin/js/get_image.js.php?theme=pmahomme&v=4.7.5 HTTP/1.1" 200 1841
::1 - - [17/Nov/2025:09:10:29 -0500] "GET /phpmyadmin/themes/pmahomme/img/left_nav_bg.png HTTP/1.1" 200 257
::1 - - [17/Nov/2025:09:10:29 -0500] "POST /phpmyadmin/navigation.php?ajax_request=1 HTTP/1.1" 200 2064
::1 - - [17/Nov/2025:09:10:29 -0500] "POST /phpmyadmin/version_check.php HTTP/1.1" 200 28
::1 - - [17/Nov/2025:09:10:35 -0500] "GET /phpmyadmin/navigation.php?ajax_request=1&aPath=cm9vdA%3D%3D.YXJxdWl0ZWN0dXJh&vPath=cm9vdA%3D%3D.YXJxdWl0ZWN0dXJh&pos=0&pos2_name=&pos2_value=&searchClause=&searchClause2=&_nocache=1763388635876933581 HTTP/1.1" 200 1767
::1 - - [17/Nov/2025:09:10:42 -0500] "GET /phpmyadmin/db_structure.php?server=1&db=arquitectura&ajax_request=true&ajax_page_request=true&_nocache=1763388642868586274 HTTP/1.1" 200 4898
::1 - - [17/Nov/2025:09:10:43 -0500] "GET /phpmyadmin/themes/pmahomme/img/arrow_ltr.png HTTP/1.1" 200 139
::1 - - [17/Nov/2025:09:10:43 -0500] "GET /phpmyadmin/js/get_scripts.js.php?scripts%5B%5D=db_structure.js&scripts%5B%5D=tbl_change.js&call_done=1&v=4.7.5&call_done=1&v=4.7.5 HTTP/1.1" 200 10875
::1 - - [17/Nov/2025:09:10:50 -0500] "GET /phpmyadmin/server_privileges.php?db=arquitectura&checkprivsdb=arquitectura&viewing_mode=db&ajax_request=true&ajax_page_request=true&_nocache=1763388650331289820 HTTP/1.1" 200 2333
::1 - - [17/Nov/2025:09:10:50 -0500] "GET /phpmyadmin/js/get_scripts.js.php?scripts%5B%5D=server_privileges.js&scripts%5B%5D=zxcvbn.js&call_done=1&v=4.7.5&call_done=1&v=4.7.5 HTTP/1.1" 200 403709
::1 - - [17/Nov/2025:09:10:51 -0500] "GET /phpmyadmin/db_operations.php?db=arquitectura&ajax_request=true&ajax_page_request=true&_nocache=1763388651198567263 HTTP/1.1" 200 6048
::1 - - [17/Nov/2025:09:10:51 -0500] "GET /phpmyadmin/js/get_scripts.js.php?scripts%5B%5D=db_operations.js&call_done=1&v=4.7.5&call_done=1&v=4.7.5 HTTP/1.1" 200 1524
::1 - - [17/Nov/2025:09:10:53 -0500] "GET /phpmyadmin/themes/pmahomme/jquery/images/ui-bg_highlight-soft_75_cccccc_1x100.png HTTP/1.1" 200 123
::1 - - [17/Nov/2025:09:10:53 -0500] "GET /phpmyadmin/themes/pmahomme/jquery/images/ui-bg_glass_75_e6e6e6_1x400.png HTTP/1.1" 200 121
::1 - - [17/Nov/2025:09:10:53 -0500] "GET /phpmyadmin/themes/pmahomme/jquery/images/ui-icons_222222_256x240.png HTTP/1.1" 200 4262
::1 - - [17/Nov/2025:09:10:53 -0500] "GET /phpmyadmin/themes/pmahomme/jquery/images/ui-icons_888888_256x240.png HTTP/1.1" 200 4262
::1 - - [17/Nov/2025:09:10:53 -0500] "GET /phpmyadmin/themes/pmahomme/jquery/images/ui-bg_glass_75_dadada_1x400.png HTTP/1.1" 200 127
::1 - - [17/Nov/2025:09:10:54 -0500] "GET /phpmyadmin/themes/pmahomme/jquery/images/ui-bg_glass_65_ffffff_1x400.png HTTP/1.1" 200 74
::1 - - [17/Nov/2025:09:10:54 -0500] "POST /phpmyadmin/sql.php?sql_query=DROP+DATABASE+%60arquitectura%60&back=db_operations.php&goto=index.php&reload=1&purge=1&message_to_show=La+base+de+datos+%60arquitectura%60+ha+sido+eliminada. HTTP/1.1" 200 1843
::1 - - [17/Nov/2025:09:10:55 -0500] "POST /phpmyadmin/navigation.php?ajax_request=1 HTTP/1.1" 200 2024
::1 - - [17/Nov/2025:09:10:55 -0500] "GET /phpmyadmin/server_databases.php?server=1&db=&table=&ajax_request=true&ajax_page_request=true&_nocache=17633886553075183 HTTP/1.1" 200 6170
::1 - - [17/Nov/2025:09:10:55 -0500] "GET /phpmyadmin/js/get_scripts.js.php?scripts%5B%5D=server_databases.js&call_done=1&v=4.7.5&call_done=1&v=4.7.5 HTTP/1.1" 200 2154
::1 - - [17/Nov/2025:09:10:58 -0500] "GET /phpmyadmin/db_structure.php?server=1&db=icfes_bi&ajax_request=true&ajax_page_request=true&_nocache=176338865858693430 HTTP/1.1" 200 6444
::1 - - [17/Nov/2025:09:10:59 -0500] "GET /phpmyadmin/navigation.php?ajax_request=1&aPath=cm9vdA%3D%3D.aWNmZXNfYmk%3D&vPath=cm9vdA%3D%3D.aWNmZXNfYmk%3D&pos=0&pos2_name=&pos2_value=&searchClause=&searchClause2=&_nocache=1763388659170722379 HTTP/1.1" 200 2077
::1 - - [17/Nov/2025:09:11:02 -0500] "GET /phpmyadmin/db_routines.php?db=icfes_bi&ajax_request=true&ajax_page_request=true&_nocache=1763388662032291505 HTTP/1.1" 200 2072
::1 - - [17/Nov/2025:09:11:06 -0500] "GET /phpmyadmin/db_operations.php?db=icfes_bi&ajax_request=true&ajax_page_request=true&_nocache=1763388665961338430 HTTP/1.1" 200 6049
::1 - - [17/Nov/2025:09:11:08 -0500] "POST /phpmyadmin/sql.php?sql_query=DROP+DATABASE+%60icfes_bi%60&back=db_operations.php&goto=index.php&reload=1&purge=1&message_to_show=La+base+de+datos+%60icfes_bi%60+ha+sido+eliminada. HTTP/1.1" 200 1842
::1 - - [17/Nov/2025:09:11:08 -0500] "POST /phpmyadmin/navigation.php?ajax_request=1 HTTP/1.1" 200 1989
::1 - - [17/Nov/2025:09:11:08 -0500] "GET /phpmyadmin/server_databases.php?server=1&db=&table=&ajax_request=true&ajax_page_request=true&_nocache=1763388668795394956 HTTP/1.1" 200 6111
::1 - - [17/Nov/2025:09:11:09 -0500] "GET /phpmyadmin/themes/pmahomme/img/arrow_ltr.png HTTP/1.1" 304 -
::1 - - [17/Nov/2025:09:12:15 -0500] "GET /phpmyadmin/db_structure.php?server=1&db=stage_icfes&ajax_request=true&ajax_page_request=true&_nocache=1763388735695210829 HTTP/1.1" 200 6143
::1 - - [17/Nov/2025:09:12:15 -0500] "GET /phpmyadmin/db_structure.php?server=1&db=stage_icfes&ajax_request=true&ajax_page_request=true&_nocache=1763388735757423501 HTTP/1.1" 200 6143
::1 - - [17/Nov/2025:09:12:17 -0500] "GET /phpmyadmin/navigation.php?ajax_request=1&aPath=cm9vdA%3D%3D.c3RhZ2VfaWNmZXM%3D&vPath=cm9vdA%3D%3D.c3RhZ2VfaWNmZXM%3D&pos=0&pos2_name=&pos2_value=&searchClause=&searchClause2=&_nocache=1763388737345415863 HTTP/1.1" 200 2008
::1 - - [17/Nov/2025:09:12:20 -0500] "GET /phpmyadmin/db_operations.php?db=stage_icfes&ajax_request=true&ajax_page_request=true&_nocache=1763388740908482821 HTTP/1.1" 200 6056
::1 - - [17/Nov/2025:09:12:23 -0500] "POST /phpmyadmin/sql.php?sql_query=DROP+DATABASE+%60stage_icfes%60&back=db_operations.php&goto=index.php&reload=1&purge=1&message_to_show=La+base+de+datos+%60stage_icfes%60+ha+sido+eliminada. HTTP/1.1" 200 1843
::1 - - [17/Nov/2025:09:12:24 -0500] "POST /phpmyadmin/navigation.php?ajax_request=1 HTTP/1.1" 200 1926
::1 - - [17/Nov/2025:09:12:24 -0500] "GET /phpmyadmin/server_databases.php?server=1&db=&table=&ajax_request=true&ajax_page_request=true&_nocache=1763388744137124898 HTTP/1.1" 200 6036
::1 - - [17/Nov/2025:09:12:25 -0500] "GET /phpmyadmin/db_structure.php?server=1&db=test&ajax_request=true&ajax_page_request=true&_nocache=176338874594464326 HTTP/1.1" 200 2894
::1 - - [17/Nov/2025:09:12:26 -0500] "GET /phpmyadmin/navigation.php?ajax_request=1&aPath=cm9vdA%3D%3D.dGVzdA%3D%3D&vPath=cm9vdA%3D%3D.dGVzdA%3D%3D&pos=0&pos2_name=&pos2_value=&searchClause=&searchClause2=&_nocache=1763388746372657518 HTTP/1.1" 200 1440
::1 - - [17/Nov/2025:09:12:28 -0500] "GET /phpmyadmin/server_privileges.php?db=test&checkprivsdb=test&viewing_mode=db&ajax_request=true&ajax_page_request=true&_nocache=1763388748531814940 HTTP/1.1" 200 2804
::1 - - [17/Nov/2025:09:12:30 -0500] "GET /phpmyadmin/db_operations.php?db=test&ajax_request=true&ajax_page_request=true&_nocache=1763388750524235075 HTTP/1.1" 200 6047
::1 - - [17/Nov/2025:09:12:33 -0500] "POST /phpmyadmin/sql.php?sql_query=DROP+DATABASE+%60test%60&back=db_operations.php&goto=index.php&reload=1&purge=1&message_to_show=La+base+de+datos+%60test%60+ha+sido+eliminada. HTTP/1.1" 200 1837
::1 - - [17/Nov/2025:09:12:33 -0500] "POST /phpmyadmin/navigation.php?ajax_request=1 HTTP/1.1" 200 1771
::1 - - [17/Nov/2025:09:12:33 -0500] "GET /phpmyadmin/server_databases.php?server=1&db=&table=&ajax_request=true&ajax_page_request=true&_nocache=1763388753814444265 HTTP/1.1" 200 5041
::1 - - [17/Nov/2025:09:12:35 -0500] "GET /phpmyadmin/server_databases.php?server=1&ajax_request=true&ajax_page_request=true&_nocache=1763388755631699858 HTTP/1.1" 200 5041
::1 - - [17/Nov/2025:09:12:41 -0500] "POST /phpmyadmin/server_databases.php HTTP/1.1" 200 1793
::1 - - [17/Nov/2025:09:12:42 -0500] "POST /phpmyadmin/navigation.php?ajax_request=1 HTTP/1.1" 200 1935
::1 - - [17/Nov/2025:09:12:42 -0500] "GET /phpmyadmin/db_structure.php?db=colegio&db=colegio&ajax_request=true&ajax_page_request=true&_nocache=1763388762245345597 HTTP/1.1" 200 2903
::1 - - [17/Nov/2025:09:12:42 -0500] "GET /phpmyadmin/navigation.php?ajax_request=1&aPath=cm9vdA%3D%3D.Y29sZWdpbw%3D%3D&vPath=cm9vdA%3D%3D.Y29sZWdpbw%3D%3D&pos=0&pos2_name=&pos2_value=&searchClause=&searchClause2=&_nocache=1763388762908581882 HTTP/1.1" 200 1440
::1 - - [17/Nov/2025:09:12:46 -0500] "GET /phpmyadmin/db_sql.php?db=colegio&ajax_request=true&ajax_page_request=true&_nocache=1763388765970191488 HTTP/1.1" 200 4489
::1 - - [17/Nov/2025:09:12:46 -0500] "GET /phpmyadmin/js/get_scripts.js.php?scripts%5B%5D=makegrid.js&scripts%5B%5D=jquery/jquery.uitablefilter.js&scripts%5B%5D=sql.js&call_done=1&v=4.7.5&call_done=1&v=4.7.5 HTTP/1.1" 200 28072
::1 - - [17/Nov/2025:09:13:36 -0500] "POST /phpmyadmin/db_sql_autocomplete.php HTTP/1.1" 200 1473
::1 - - [17/Nov/2025:09:13:36 -0500] "POST /phpmyadmin/lint.php HTTP/1.1" 200 28
::1 - - [17/Nov/2025:09:13:39 -0500] "POST /phpmyadmin/lint.php HTTP/1.1" 200 28
::1 - - [17/Nov/2025:09:13:41 -0500] "POST /phpmyadmin/import.php HTTP/1.1" 200 2165
