2021-11-17 20:53:13 80876 [Note] Plugin 'FEDERATED' is disabled.
2021-11-17 20:53:13 80876 [Note] InnoDB: Using atomics to ref count buffer pool pages
2021-11-17 20:53:13 80876 [Note] InnoDB: The InnoDB memory heap is disabled
2021-11-17 20:53:13 80876 [Note] InnoDB: Mutexes and rw_locks use Windows interlocked functions
2021-11-17 20:53:13 80876 [Note] InnoDB: Memory barrier is not used
2021-11-17 20:53:13 80876 [Note] InnoDB: Compressed tables use zlib 1.2.3
2021-11-17 20:53:13 80876 [Note] InnoDB: Not using CPU crc32 instructions
2021-11-17 20:53:13 80876 [Note] InnoDB: Initializing buffer pool, size = 128.0M
2021-11-17 20:53:13 80876 [Note] InnoDB: Completed initialization of buffer pool
2021-11-17 20:53:13 80876 [Note] InnoDB: Setting log file D:\CR\usbwebserver\mysql\data\ib_logfile101 size to 5 MB
2021-11-17 20:53:13 80876 [Note] InnoDB: Setting log file D:\CR\usbwebserver\mysql\data\ib_logfile1 size to 5 MB
2021-11-17 20:53:13 80876 [Note] InnoDB: Renaming log file D:\CR\usbwebserver\mysql\data\ib_logfile101 to D:\CR\usbwebserver\mysql\data\ib_logfile0
2021-11-17 20:53:13 80876 [Warning] InnoDB: New log files created, LSN=1626134
2021-11-17 20:53:13 80876 [Note] InnoDB: Highest supported file format is Barracuda.
2021-11-17 20:53:13 12334 InnoDB: Error: page 5 log sequence number 1626646
InnoDB: is in the future! Current system log sequence number 1626636.
InnoDB: Your database may be corrupt or you may have copied the InnoDB
InnoDB: tablespace but not the InnoDB log files. See
InnoDB: http://dev.mysql.com/doc/refman/5.6/en/forcing-innodb-recovery.html
InnoDB: for more information.
2021-11-17 20:53:13 80876 [Note] InnoDB: 128 rollback segment(s) are active.
2021-11-17 20:53:13 80876 [Note] InnoDB: Waiting for purge to start
2021-11-17 20:53:14 80876 [Note] InnoDB: 5.6.34 started; log sequence number 1626636
2021-11-17 20:53:14 80876 [Warning] No existing UUID has been found, so we assume that this is the first time that this server has been started. Generating a new UUID: 4aab9b81-4812-11ec-88d2-0205857feb80.
2021-11-17 20:53:14 80876 [Note] Server hostname (bind-address): '*'; port: 3306
2021-11-17 20:53:14 80876 [Note] IPv6 is available.
2021-11-17 20:53:14 80876 [Note]   - '::' resolves to '::';
2021-11-17 20:53:14 80876 [Note] Server socket created on IP: '::'.
2021-11-17 20:53:14 78400 [Note] Plugin 'FEDERATED' is disabled.
2021-11-17 20:53:14 78400 [Note] InnoDB: Using atomics to ref count buffer pool pages
2021-11-17 20:53:14 78400 [Note] InnoDB: The InnoDB memory heap is disabled
2021-11-17 20:53:14 78400 [Note] InnoDB: Mutexes and rw_locks use Windows interlocked functions
2021-11-17 20:53:14 78400 [Note] InnoDB: Memory barrier is not used
2021-11-17 20:53:14 78400 [Note] InnoDB: Compressed tables use zlib 1.2.3
2021-11-17 20:53:14 78400 [Note] InnoDB: Not using CPU crc32 instructions
2021-11-17 20:53:14 78400 [Note] InnoDB: Initializing buffer pool, size = 128.0M
2021-11-17 20:53:14 78400 [Note] InnoDB: Completed initialization of buffer pool
2021-11-17 20:53:14 78400 [ERROR] InnoDB: D:\CR\usbwebserver\mysql\data\ibdata1 can't be opened in read-write mode
2021-11-17 20:53:14 78400 [ERROR] InnoDB: The system tablespace must be writable!
2021-11-17 20:53:14 78400 [ERROR] Plugin 'InnoDB' init function returned error.
2021-11-17 20:53:14 78400 [ERROR] Plugin 'InnoDB' registration as a STORAGE ENGINE failed.
2021-11-17 20:53:14 78400 [ERROR] Unknown/unsupported storage engine: InnoDB
2021-11-17 20:53:14 78400 [ERROR] Aborting

2021-11-17 20:53:14 78400 [Note] Binlog end
2021-11-17 20:53:14 78400 [Note] Shutting down plugin 'partition'
2021-11-17 20:53:14 78400 [Note] Shutting down plugin 'PERFORMANCE_SCHEMA'
2021-11-17 20:53:14 78400 [Note] Shutting down plugin 'INNODB_SYS_DATAFILES'
2021-11-17 20:53:14 78400 [Note] Shutting down plugin 'INNODB_SYS_TABLESPACES'
2021-11-17 20:53:14 78400 [Note] Shutting down plugin 'INNODB_SYS_FOREIGN_COLS'
2021-11-17 20:53:14 78400 [Note] Shutting down plugin 'INNODB_SYS_FOREIGN'
2021-11-17 20:53:14 78400 [Note] Shutting down plugin 'INNODB_SYS_FIELDS'
2021-11-17 20:53:14 78400 [Note] Shutting down plugin 'INNODB_SYS_COLUMNS'
2021-11-17 20:53:14 78400 [Note] Shutting down plugin 'INNODB_SYS_INDEXES'
2021-11-17 20:53:14 78400 [Note] Shutting down plugin 'INNODB_SYS_TABLESTATS'
2021-11-17 20:53:14 78400 [Note] Shutting down plugin 'INNODB_SYS_TABLES'
2021-11-17 20:53:14 78400 [Note] Shutting down plugin 'INNODB_FT_INDEX_TABLE'
2021-11-17 20:53:14 78400 [Note] Shutting down plugin 'INNODB_FT_INDEX_CACHE'
2021-11-17 20:53:14 78400 [Note] Shutting down plugin 'INNODB_FT_CONFIG'
2021-11-17 20:53:14 78400 [Note] Shutting down plugin 'INNODB_FT_BEING_DELETED'
2021-11-17 20:53:14 78400 [Note] Shutting down plugin 'INNODB_FT_DELETED'
2021-11-17 20:53:14 78400 [Note] Shutting down plugin 'INNODB_FT_DEFAULT_STOPWORD'
2021-11-17 20:53:14 78400 [Note] Shutting down plugin 'INNODB_METRICS'
2021-11-17 20:53:14 78400 [Note] Shutting down plugin 'INNODB_BUFFER_POOL_STATS'
2021-11-17 20:53:14 78400 [Note] Shutting down plugin 'INNODB_BUFFER_PAGE_LRU'
2021-11-17 20:53:14 78400 [Note] Shutting down plugin 'INNODB_BUFFER_PAGE'
2021-11-17 20:53:14 78400 [Note] Shutting down plugin 'INNODB_CMP_PER_INDEX_RESET'
2021-11-17 20:53:14 78400 [Note] Shutting down plugin 'INNODB_CMP_PER_INDEX'
2021-11-17 20:53:14 78400 [Note] Shutting down plugin 'INNODB_CMPMEM_RESET'
2021-11-17 20:53:14 78400 [Note] Shutting down plugin 'INNODB_CMPMEM'
2021-11-17 20:53:14 78400 [Note] Shutting down plugin 'INNODB_CMP_RESET'
2021-11-17 20:53:14 78400 [Note] Shutting down plugin 'INNODB_CMP'
2021-11-17 20:53:14 78400 [Note] Shutting down plugin 'INNODB_LOCK_WAITS'
2021-11-17 20:53:14 78400 [Note] Shutting down plugin 'INNODB_LOCKS'
2021-11-17 20:53:14 78400 [Note] Shutting down plugin 'INNODB_TRX'
2021-11-17 20:53:14 78400 [Note] Shutting down plugin 'BLACKHOLE'
2021-11-17 20:53:14 78400 [Note] Shutting down plugin 'ARCHIVE'
2021-11-17 20:53:14 78400 [Note] Shutting down plugin 'MRG_MYISAM'
2021-11-17 20:53:14 78400 [Note] Shutting down plugin 'MyISAM'
2021-11-17 20:53:14 78400 [Note] Shutting down plugin 'MEMORY'
2021-11-17 20:53:14 78400 [Note] Shutting down plugin 'CSV'
2021-11-17 20:53:14 78400 [Note] Shutting down plugin 'sha256_password'
2021-11-17 20:53:14 78400 [Note] Shutting down plugin 'mysql_old_password'
2021-11-17 20:53:14 78400 [Note] Shutting down plugin 'mysql_native_password'
2021-11-17 20:53:14 78400 [Note] Shutting down plugin 'binlog'
2021-11-17 20:53:14 78400 [Note] D:\CR\usbwebserver/mysql/bin/mysqld_usbwv8.exe: Shutdown complete

2021-11-17 20:53:14 80876 [Note] Event Scheduler: Loaded 0 events
2021-11-17 20:53:14 80876 [Note] D:\CR\usbwebserver/mysql/bin/mysqld_usbwv8.exe: ready for connections.
Version: '5.6.34'  socket: ''  port: 3306  MySQL Community Server (GPL)
2021-11-17 20:53:40 77008 [Note] Plugin 'FEDERATED' is disabled.
2021-11-17 20:53:40 77008 [Note] InnoDB: Using atomics to ref count buffer pool pages
2021-11-17 20:53:40 77008 [Note] InnoDB: The InnoDB memory heap is disabled
2021-11-17 20:53:40 77008 [Note] InnoDB: Mutexes and rw_locks use Windows interlocked functions
2021-11-17 20:53:40 77008 [Note] InnoDB: Memory barrier is not used
2021-11-17 20:53:40 77008 [Note] InnoDB: Compressed tables use zlib 1.2.3
2021-11-17 20:53:40 77008 [Note] InnoDB: Not using CPU crc32 instructions
2021-11-17 20:53:40 77008 [Note] InnoDB: Initializing buffer pool, size = 128.0M
2021-11-17 20:53:40 77008 [Note] InnoDB: Completed initialization of buffer pool
2021-11-17 20:53:40 77008 [Note] InnoDB: Highest supported file format is Barracuda.
2021-11-17 20:53:40 77008 [Note] InnoDB: The log sequence numbers 1626134 and 1626134 in ibdata files do not match the log sequence number 1626646 in the ib_logfiles!
2021-11-17 20:53:40 77008 [Note] InnoDB: Database was not shutdown normally!
2021-11-17 20:53:40 77008 [Note] InnoDB: Starting crash recovery.
2021-11-17 20:53:40 77008 [Note] InnoDB: Reading tablespace information from the .ibd files...
2021-11-17 20:53:40 77008 [Note] InnoDB: Restoring possible half-written data pages 
2021-11-17 20:53:40 77008 [Note] InnoDB: from the doublewrite buffer...
2021-11-17 20:53:40 77008 [Note] InnoDB: 128 rollback segment(s) are active.
2021-11-17 20:53:40 77008 [Note] InnoDB: Waiting for purge to start
2021-11-17 20:53:40 77008 [Note] InnoDB: 5.6.34 started; log sequence number 1626646
2021-11-17 20:53:40 77008 [Note] Server hostname (bind-address): '*'; port: 3306
2021-11-17 20:53:40 77008 [Note] IPv6 is available.
2021-11-17 20:53:40 77008 [Note]   - '::' resolves to '::';
2021-11-17 20:53:40 77008 [Note] Server socket created on IP: '::'.
2021-11-17 20:54:53 68832 [Note] Plugin 'FEDERATED' is disabled.
2021-11-17 20:54:53 68832 [Note] InnoDB: Using atomics to ref count buffer pool pages
2021-11-17 20:54:53 68832 [Note] InnoDB: The InnoDB memory heap is disabled
2021-11-17 20:54:53 68832 [Note] InnoDB: Mutexes and rw_locks use Windows interlocked functions
2021-11-17 20:54:53 68832 [Note] InnoDB: Memory barrier is not used
2021-11-17 20:54:53 68832 [Note] InnoDB: Compressed tables use zlib 1.2.3
2021-11-17 20:54:53 68832 [Note] InnoDB: Not using CPU crc32 instructions
2021-11-17 20:54:53 68832 [Note] InnoDB: Initializing buffer pool, size = 128.0M
2021-11-17 20:54:53 68832 [Note] InnoDB: Completed initialization of buffer pool
2021-11-17 20:54:53 68832 [Note] InnoDB: Highest supported file format is Barracuda.
2021-11-17 20:54:53 68832 [Note] InnoDB: The log sequence numbers 1626134 and 1626134 in ibdata files do not match the log sequence number 1626656 in the ib_logfiles!
2021-11-17 20:54:53 68832 [Note] InnoDB: Database was not shutdown normally!
2021-11-17 20:54:53 68832 [Note] InnoDB: Starting crash recovery.
2021-11-17 20:54:53 68832 [Note] InnoDB: Reading tablespace information from the .ibd files...
2021-11-17 20:54:53 68832 [Note] InnoDB: Restoring possible half-written data pages 
2021-11-17 20:54:53 68832 [Note] InnoDB: from the doublewrite buffer...
2021-11-17 20:54:53 68832 [Note] InnoDB: 128 rollback segment(s) are active.
2021-11-17 20:54:53 68832 [Note] InnoDB: Waiting for purge to start
2021-11-17 20:54:53 68832 [Note] InnoDB: 5.6.34 started; log sequence number 1626656
2021-11-17 20:54:53 68832 [Note] Server hostname (bind-address): '*'; port: 3306
2021-11-17 20:54:53 68832 [Note] IPv6 is available.
2021-11-17 20:54:53 68832 [Note]   - '::' resolves to '::';
2021-11-17 20:54:53 68832 [Note] Server socket created on IP: '::'.
2021-11-17 20:55:06 81632 [Note] Plugin 'FEDERATED' is disabled.
2021-11-17 20:55:06 81632 [Note] InnoDB: Using atomics to ref count buffer pool pages
2021-11-17 20:55:06 81632 [Note] InnoDB: The InnoDB memory heap is disabled
2021-11-17 20:55:06 81632 [Note] InnoDB: Mutexes and rw_locks use Windows interlocked functions
2021-11-17 20:55:06 81632 [Note] InnoDB: Memory barrier is not used
2021-11-17 20:55:06 81632 [Note] InnoDB: Compressed tables use zlib 1.2.3
2021-11-17 20:55:06 81632 [Note] InnoDB: Not using CPU crc32 instructions
2021-11-17 20:55:06 81632 [Note] InnoDB: Initializing buffer pool, size = 128.0M
2021-11-17 20:55:06 81632 [Note] InnoDB: Completed initialization of buffer pool
2021-11-17 20:55:06 81632 [Note] InnoDB: Highest supported file format is Barracuda.
2021-11-17 20:55:06 81632 [Note] InnoDB: The log sequence numbers 1626134 and 1626134 in ibdata files do not match the log sequence number 1626666 in the ib_logfiles!
2021-11-17 20:55:06 81632 [Note] InnoDB: Database was not shutdown normally!
2021-11-17 20:55:06 81632 [Note] InnoDB: Starting crash recovery.
2021-11-17 20:55:06 81632 [Note] InnoDB: Reading tablespace information from the .ibd files...
2021-11-17 20:55:06 81632 [Note] InnoDB: Restoring possible half-written data pages 
2021-11-17 20:55:06 81632 [Note] InnoDB: from the doublewrite buffer...
2021-11-17 20:55:06 81632 [Note] InnoDB: 128 rollback segment(s) are active.
2021-11-17 20:55:06 81632 [Note] InnoDB: Waiting for purge to start
2021-11-17 20:55:06 81632 [Note] InnoDB: 5.6.34 started; log sequence number 1626666
2021-11-17 20:55:06 81632 [Note] Server hostname (bind-address): '*'; port: 3306
2021-11-17 20:55:06 81632 [Note] IPv6 is available.
2021-11-17 20:55:06 81632 [Note]   - '::' resolves to '::';
2021-11-17 20:55:06 81632 [Note] Server socket created on IP: '::'.
2021-11-19 00:15:51 25140 [Note] Plugin 'FEDERATED' is disabled.
2021-11-19 00:15:51 25140 [Note] InnoDB: Using atomics to ref count buffer pool pages
2021-11-19 00:15:51 25140 [Note] InnoDB: The InnoDB memory heap is disabled
2021-11-19 00:15:51 25140 [Note] InnoDB: Mutexes and rw_locks use Windows interlocked functions
2021-11-19 00:15:51 25140 [Note] InnoDB: Memory barrier is not used
2021-11-19 00:15:51 25140 [Note] InnoDB: Compressed tables use zlib 1.2.3
2021-11-19 00:15:51 25140 [Note] InnoDB: Not using CPU crc32 instructions
2021-11-19 00:15:51 25140 [Note] InnoDB: Initializing buffer pool, size = 128.0M
2021-11-19 00:15:51 25140 [Note] InnoDB: Completed initialization of buffer pool
2021-11-19 00:15:51 25140 [Note] InnoDB: Highest supported file format is Barracuda.
2021-11-19 00:15:51 25140 [Note] InnoDB: The log sequence numbers 1626134 and 1626134 in ibdata files do not match the log sequence number 1707281 in the ib_logfiles!
2021-11-19 00:15:51 25140 [Note] InnoDB: Database was not shutdown normally!
2021-11-19 00:15:51 25140 [Note] InnoDB: Starting crash recovery.
2021-11-19 00:15:51 25140 [Note] InnoDB: Reading tablespace information from the .ibd files...
2021-11-19 00:15:51 25140 [Note] InnoDB: Restoring possible half-written data pages 
2021-11-19 00:15:51 25140 [Note] InnoDB: from the doublewrite buffer...
2021-11-19 00:15:52 25140 [Note] InnoDB: 128 rollback segment(s) are active.
2021-11-19 00:15:52 25140 [Note] InnoDB: Waiting for purge to start
2021-11-19 00:15:52 25140 [Note] InnoDB: 5.6.34 started; log sequence number 1707281
2021-11-19 00:15:52 25140 [Note] Server hostname (bind-address): '*'; port: 3306
2021-11-19 00:15:52 25140 [Note] IPv6 is available.
2021-11-19 00:15:52 25140 [Note]   - '::' resolves to '::';
2021-11-19 00:15:52 25140 [Note] Server socket created on IP: '::'.
2021-11-19 00:15:52 25140 [Note] Event Scheduler: Loaded 0 events
2021-11-19 00:15:52 25140 [Note] D:\CR\usbwebserver/mysql/bin/mysqld_usbwv8.exe: ready for connections.
Version: '5.6.34'  socket: ''  port: 3306  MySQL Community Server (GPL)
2021-11-19 18:33:08 30184 [Note] Plugin 'FEDERATED' is disabled.
2021-11-19 18:33:08 30184 [Note] InnoDB: Using atomics to ref count buffer pool pages
2021-11-19 18:33:08 30184 [Note] InnoDB: The InnoDB memory heap is disabled
2021-11-19 18:33:08 30184 [Note] InnoDB: Mutexes and rw_locks use Windows interlocked functions
2021-11-19 18:33:08 30184 [Note] InnoDB: Memory barrier is not used
2021-11-19 18:33:08 30184 [Note] InnoDB: Compressed tables use zlib 1.2.3
2021-11-19 18:33:08 30184 [Note] InnoDB: Not using CPU crc32 instructions
2021-11-19 18:33:08 30184 [Note] InnoDB: Initializing buffer pool, size = 128.0M
2021-11-19 18:33:08 30184 [Note] InnoDB: Completed initialization of buffer pool
2021-11-19 18:33:08 30184 [ERROR] InnoDB: D:\CR\usbwebserver\mysql\data\ibdata1 can't be opened in read-write mode
2021-11-19 18:33:08 30184 [ERROR] InnoDB: The system tablespace must be writable!
2021-11-19 18:33:08 30184 [ERROR] Plugin 'InnoDB' init function returned error.
2021-11-19 18:33:08 30184 [ERROR] Plugin 'InnoDB' registration as a STORAGE ENGINE failed.
2021-11-19 18:33:08 30184 [ERROR] Unknown/unsupported storage engine: InnoDB
2021-11-19 18:33:08 30184 [ERROR] Aborting

2021-11-19 18:33:08 30184 [Note] Binlog end
2021-11-19 18:33:08 30184 [Note] Shutting down plugin 'partition'
2021-11-19 18:33:08 30184 [Note] Shutting down plugin 'PERFORMANCE_SCHEMA'
2021-11-19 18:33:08 30184 [Note] Shutting down plugin 'INNODB_SYS_DATAFILES'
2021-11-19 18:33:08 30184 [Note] Shutting down plugin 'INNODB_SYS_TABLESPACES'
2021-11-19 18:33:08 30184 [Note] Shutting down plugin 'INNODB_SYS_FOREIGN_COLS'
2021-11-19 18:33:08 30184 [Note] Shutting down plugin 'INNODB_SYS_FOREIGN'
2021-11-19 18:33:08 30184 [Note] Shutting down plugin 'INNODB_SYS_FIELDS'
2021-11-19 18:33:08 30184 [Note] Shutting down plugin 'INNODB_SYS_COLUMNS'
2021-11-19 18:33:08 30184 [Note] Shutting down plugin 'INNODB_SYS_INDEXES'
2021-11-19 18:33:08 30184 [Note] Shutting down plugin 'INNODB_SYS_TABLESTATS'
2021-11-19 18:33:08 30184 [Note] Shutting down plugin 'INNODB_SYS_TABLES'
2021-11-19 18:33:08 30184 [Note] Shutting down plugin 'INNODB_FT_INDEX_TABLE'
2021-11-19 18:33:08 30184 [Note] Shutting down plugin 'INNODB_FT_INDEX_CACHE'
2021-11-19 18:33:08 30184 [Note] Shutting down plugin 'INNODB_FT_CONFIG'
2021-11-19 18:33:08 30184 [Note] Shutting down plugin 'INNODB_FT_BEING_DELETED'
2021-11-19 18:33:08 30184 [Note] Shutting down plugin 'INNODB_FT_DELETED'
2021-11-19 18:33:08 30184 [Note] Shutting down plugin 'INNODB_FT_DEFAULT_STOPWORD'
2021-11-19 18:33:08 30184 [Note] Shutting down plugin 'INNODB_METRICS'
2021-11-19 18:33:08 30184 [Note] Shutting down plugin 'INNODB_BUFFER_POOL_STATS'
2021-11-19 18:33:08 30184 [Note] Shutting down plugin 'INNODB_BUFFER_PAGE_LRU'
2021-11-19 18:33:08 30184 [Note] Shutting down plugin 'INNODB_BUFFER_PAGE'
2021-11-19 18:33:08 30184 [Note] Shutting down plugin 'INNODB_CMP_PER_INDEX_RESET'
2021-11-19 18:33:08 30184 [Note] Shutting down plugin 'INNODB_CMP_PER_INDEX'
2021-11-19 18:33:08 30184 [Note] Shutting down plugin 'INNODB_CMPMEM_RESET'
2021-11-19 18:33:08 30184 [Note] Shutting down plugin 'INNODB_CMPMEM'
2021-11-19 18:33:08 30184 [Note] Shutting down plugin 'INNODB_CMP_RESET'
2021-11-19 18:33:08 30184 [Note] Shutting down plugin 'INNODB_CMP'
2021-11-19 18:33:08 30184 [Note] Shutting down plugin 'INNODB_LOCK_WAITS'
2021-11-19 18:33:08 30184 [Note] Shutting down plugin 'INNODB_LOCKS'
2021-11-19 18:33:08 30184 [Note] Shutting down plugin 'INNODB_TRX'
2021-11-19 18:33:08 30184 [Note] Shutting down plugin 'BLACKHOLE'
2021-11-19 18:33:08 30184 [Note] Shutting down plugin 'ARCHIVE'
2021-11-19 18:33:08 30184 [Note] Shutting down plugin 'MRG_MYISAM'
2021-11-19 18:33:08 30184 [Note] Shutting down plugin 'MyISAM'
2021-11-19 18:33:08 30184 [Note] Shutting down plugin 'MEMORY'
2021-11-19 18:33:08 30184 [Note] Shutting down plugin 'CSV'
2021-11-19 18:33:08 30184 [Note] Shutting down plugin 'sha256_password'
2021-11-19 18:33:08 30184 [Note] Shutting down plugin 'mysql_old_password'
2021-11-19 18:33:08 30184 [Note] Shutting down plugin 'mysql_native_password'
2021-11-19 18:33:08 30184 [Note] Shutting down plugin 'binlog'
2021-11-19 18:33:08 30184 [Note] D:\CR\usbwebserver/mysql/bin/mysqld_usbwv8.exe: Shutdown complete

2021-11-19 18:41:57 31348 [Note] Plugin 'FEDERATED' is disabled.
2021-11-19 18:41:57 31348 [Note] InnoDB: Using atomics to ref count buffer pool pages
2021-11-19 18:41:57 31348 [Note] InnoDB: The InnoDB memory heap is disabled
2021-11-19 18:41:57 31348 [Note] InnoDB: Mutexes and rw_locks use Windows interlocked functions
2021-11-19 18:41:57 31348 [Note] InnoDB: Memory barrier is not used
2021-11-19 18:41:57 31348 [Note] InnoDB: Compressed tables use zlib 1.2.3
2021-11-19 18:41:57 31348 [Note] InnoDB: Not using CPU crc32 instructions
2021-11-19 18:41:57 31348 [Note] InnoDB: Initializing buffer pool, size = 128.0M
2021-11-19 18:41:57 31348 [Note] InnoDB: Completed initialization of buffer pool
2021-11-19 18:41:57 31348 [Note] InnoDB: Highest supported file format is Barracuda.
2021-11-19 18:41:57 31348 [Note] InnoDB: The log sequence numbers 1626134 and 1626134 in ibdata files do not match the log sequence number 1725203 in the ib_logfiles!
2021-11-19 18:41:57 31348 [Note] InnoDB: Database was not shutdown normally!
2021-11-19 18:41:57 31348 [Note] InnoDB: Starting crash recovery.
2021-11-19 18:41:57 31348 [Note] InnoDB: Reading tablespace information from the .ibd files...
2021-11-19 18:41:57 31348 [Note] InnoDB: Restoring possible half-written data pages 
2021-11-19 18:41:57 31348 [Note] InnoDB: from the doublewrite buffer...
2021-11-19 18:41:57 31348 [Note] InnoDB: 128 rollback segment(s) are active.
2021-11-19 18:41:57 31348 [Note] InnoDB: Waiting for purge to start
2021-11-19 18:41:57 31348 [Note] InnoDB: 5.6.34 started; log sequence number 1725203
2021-11-19 18:41:57 31348 [Note] Server hostname (bind-address): '*'; port: 3306
2021-11-19 18:41:57 31348 [Note] IPv6 is available.
2021-11-19 18:41:57 31348 [Note]   - '::' resolves to '::';
2021-11-19 18:41:57 31348 [Note] Server socket created on IP: '::'.
2021-11-19 18:41:57 31348 [Note] Event Scheduler: Loaded 0 events
2021-11-19 18:41:57 31348 [Note] D:\CR\usbwebserver/mysql/bin/mysqld_usbwv8.exe: ready for connections.
Version: '5.6.34'  socket: ''  port: 3306  MySQL Community Server (GPL)
2021-11-21 13:14:30 28604 [Note] Plugin 'FEDERATED' is disabled.
2021-11-21 13:14:30 28604 [Note] InnoDB: Using atomics to ref count buffer pool pages
2021-11-21 13:14:30 28604 [Note] InnoDB: The InnoDB memory heap is disabled
2021-11-21 13:14:30 28604 [Note] InnoDB: Mutexes and rw_locks use Windows interlocked functions
2021-11-21 13:14:30 28604 [Note] InnoDB: Memory barrier is not used
2021-11-21 13:14:30 28604 [Note] InnoDB: Compressed tables use zlib 1.2.3
2021-11-21 13:14:30 28604 [Note] InnoDB: Not using CPU crc32 instructions
2021-11-21 13:14:30 28604 [Note] InnoDB: Initializing buffer pool, size = 128.0M
2021-11-21 13:14:30 28604 [Note] InnoDB: Completed initialization of buffer pool
2021-11-21 13:14:30 28604 [ERROR] InnoDB: D:\CR\usbwebserver\mysql\data\ibdata1 can't be opened in read-write mode
2021-11-21 13:14:30 28604 [ERROR] InnoDB: The system tablespace must be writable!
2021-11-21 13:14:30 28604 [ERROR] Plugin 'InnoDB' init function returned error.
2021-11-21 13:14:30 28604 [ERROR] Plugin 'InnoDB' registration as a STORAGE ENGINE failed.
2021-11-21 13:14:30 28604 [ERROR] Unknown/unsupported storage engine: InnoDB
2021-11-21 13:14:30 28604 [ERROR] Aborting

2021-11-21 13:14:30 28604 [Note] Binlog end
2021-11-21 13:14:30 28604 [Note] Shutting down plugin 'partition'
2021-11-21 13:14:30 28604 [Note] Shutting down plugin 'PERFORMANCE_SCHEMA'
2021-11-21 13:14:30 28604 [Note] Shutting down plugin 'INNODB_SYS_DATAFILES'
2021-11-21 13:14:30 28604 [Note] Shutting down plugin 'INNODB_SYS_TABLESPACES'
2021-11-21 13:14:30 28604 [Note] Shutting down plugin 'INNODB_SYS_FOREIGN_COLS'
2021-11-21 13:14:30 28604 [Note] Shutting down plugin 'INNODB_SYS_FOREIGN'
2021-11-21 13:14:30 28604 [Note] Shutting down plugin 'INNODB_SYS_FIELDS'
2021-11-21 13:14:30 28604 [Note] Shutting down plugin 'INNODB_SYS_COLUMNS'
2021-11-21 13:14:30 28604 [Note] Shutting down plugin 'INNODB_SYS_INDEXES'
2021-11-21 13:14:30 28604 [Note] Shutting down plugin 'INNODB_SYS_TABLESTATS'
2021-11-21 13:14:30 28604 [Note] Shutting down plugin 'INNODB_SYS_TABLES'
2021-11-21 13:14:30 28604 [Note] Shutting down plugin 'INNODB_FT_INDEX_TABLE'
2021-11-21 13:14:30 28604 [Note] Shutting down plugin 'INNODB_FT_INDEX_CACHE'
2021-11-21 13:14:30 28604 [Note] Shutting down plugin 'INNODB_FT_CONFIG'
2021-11-21 13:14:30 28604 [Note] Shutting down plugin 'INNODB_FT_BEING_DELETED'
2021-11-21 13:14:30 28604 [Note] Shutting down plugin 'INNODB_FT_DELETED'
2021-11-21 13:14:30 28604 [Note] Shutting down plugin 'INNODB_FT_DEFAULT_STOPWORD'
2021-11-21 13:14:30 28604 [Note] Shutting down plugin 'INNODB_METRICS'
2021-11-21 13:14:30 28604 [Note] Shutting down plugin 'INNODB_BUFFER_POOL_STATS'
2021-11-21 13:14:30 28604 [Note] Shutting down plugin 'INNODB_BUFFER_PAGE_LRU'
2021-11-21 13:14:30 28604 [Note] Shutting down plugin 'INNODB_BUFFER_PAGE'
2021-11-21 13:14:30 28604 [Note] Shutting down plugin 'INNODB_CMP_PER_INDEX_RESET'
2021-11-21 13:14:30 28604 [Note] Shutting down plugin 'INNODB_CMP_PER_INDEX'
2021-11-21 13:14:30 28604 [Note] Shutting down plugin 'INNODB_CMPMEM_RESET'
2021-11-21 13:14:30 28604 [Note] Shutting down plugin 'INNODB_CMPMEM'
2021-11-21 13:14:30 28604 [Note] Shutting down plugin 'INNODB_CMP_RESET'
2021-11-21 13:14:30 28604 [Note] Shutting down plugin 'INNODB_CMP'
2021-11-21 13:14:30 28604 [Note] Shutting down plugin 'INNODB_LOCK_WAITS'
2021-11-21 13:14:30 28604 [Note] Shutting down plugin 'INNODB_LOCKS'
2021-11-21 13:14:30 28604 [Note] Shutting down plugin 'INNODB_TRX'
2021-11-21 13:14:30 28604 [Note] Shutting down plugin 'BLACKHOLE'
2021-11-21 13:14:30 28604 [Note] Shutting down plugin 'ARCHIVE'
2021-11-21 13:14:30 28604 [Note] Shutting down plugin 'MRG_MYISAM'
2021-11-21 13:14:30 28604 [Note] Shutting down plugin 'MyISAM'
2021-11-21 13:14:30 28604 [Note] Shutting down plugin 'MEMORY'
2021-11-21 13:14:30 28604 [Note] Shutting down plugin 'CSV'
2021-11-21 13:14:30 28604 [Note] Shutting down plugin 'sha256_password'
2021-11-21 13:14:30 28604 [Note] Shutting down plugin 'mysql_old_password'
2021-11-21 13:14:30 28604 [Note] Shutting down plugin 'mysql_native_password'
2021-11-21 13:14:30 28604 [Note] Shutting down plugin 'binlog'
2021-11-21 13:14:30 28604 [Note] D:\CR\usbwebserver/mysql/bin/mysqld_usbwv8.exe: Shutdown complete

2021-11-21 14:46:54 3312 [Note] Plugin 'FEDERATED' is disabled.
2021-11-21 14:46:54 3312 [Note] InnoDB: Using atomics to ref count buffer pool pages
2021-11-21 14:46:54 3312 [Note] InnoDB: The InnoDB memory heap is disabled
2021-11-21 14:46:54 3312 [Note] InnoDB: Mutexes and rw_locks use Windows interlocked functions
2021-11-21 14:46:54 3312 [Note] InnoDB: Memory barrier is not used
2021-11-21 14:46:54 3312 [Note] InnoDB: Compressed tables use zlib 1.2.3
2021-11-21 14:46:54 3312 [Note] InnoDB: Not using CPU crc32 instructions
2021-11-21 14:46:54 3312 [Note] InnoDB: Initializing buffer pool, size = 128.0M
2021-11-21 14:46:54 3312 [Note] InnoDB: Completed initialization of buffer pool
2021-11-21 14:46:54 3312 [Note] InnoDB: Highest supported file format is Barracuda.
2021-11-21 14:46:54 3312 [Note] InnoDB: The log sequence numbers 1626134 and 1626134 in ibdata files do not match the log sequence number 1736004 in the ib_logfiles!
2021-11-21 14:46:54 3312 [Note] InnoDB: Database was not shutdown normally!
2021-11-21 14:46:54 3312 [Note] InnoDB: Starting crash recovery.
2021-11-21 14:46:54 3312 [Note] InnoDB: Reading tablespace information from the .ibd files...
2021-11-21 14:46:54 3312 [Note] InnoDB: Restoring possible half-written data pages 
2021-11-21 14:46:54 3312 [Note] InnoDB: from the doublewrite buffer...
2021-11-21 14:46:54 3312 [Note] InnoDB: 128 rollback segment(s) are active.
2021-11-21 14:46:54 3312 [Note] InnoDB: Waiting for purge to start
2021-11-21 14:46:54 3312 [Note] InnoDB: 5.6.34 started; log sequence number 1736004
2021-11-21 14:46:55 3312 [Note] Server hostname (bind-address): '*'; port: 3306
2021-11-21 14:46:55 3312 [Note] IPv6 is available.
2021-11-21 14:46:55 3312 [Note]   - '::' resolves to '::';
2021-11-21 14:46:55 3312 [Note] Server socket created on IP: '::'.
2021-11-25 22:21:54 28700 [Note] Plugin 'FEDERATED' is disabled.
2021-11-25 22:21:54 28700 [Note] InnoDB: Using atomics to ref count buffer pool pages
2021-11-25 22:21:54 28700 [Note] InnoDB: The InnoDB memory heap is disabled
2021-11-25 22:21:54 28700 [Note] InnoDB: Mutexes and rw_locks use Windows interlocked functions
2021-11-25 22:21:54 28700 [Note] InnoDB: Memory barrier is not used
2021-11-25 22:21:54 28700 [Note] InnoDB: Compressed tables use zlib 1.2.3
2021-11-25 22:21:54 28700 [Note] InnoDB: Not using CPU crc32 instructions
2021-11-25 22:21:54 28700 [Note] InnoDB: Initializing buffer pool, size = 128.0M
2021-11-25 22:21:54 28700 [Note] InnoDB: Completed initialization of buffer pool
2021-11-25 22:21:54 28700 [ERROR] InnoDB: D:\CR\usbwebserver\mysql\data\ibdata1 can't be opened in read-write mode
2021-11-25 22:21:54 28700 [ERROR] InnoDB: The system tablespace must be writable!
2021-11-25 22:21:54 28700 [ERROR] Plugin 'InnoDB' init function returned error.
2021-11-25 22:21:54 28700 [ERROR] Plugin 'InnoDB' registration as a STORAGE ENGINE failed.
2021-11-25 22:21:54 28700 [ERROR] Unknown/unsupported storage engine: InnoDB
2021-11-25 22:21:54 28700 [ERROR] Aborting

2021-11-25 22:21:54 28700 [Note] Binlog end
2021-11-25 22:21:54 28700 [Note] Shutting down plugin 'partition'
2021-11-25 22:21:54 28700 [Note] Shutting down plugin 'PERFORMANCE_SCHEMA'
2021-11-25 22:21:54 28700 [Note] Shutting down plugin 'INNODB_SYS_DATAFILES'
2021-11-25 22:21:54 28700 [Note] Shutting down plugin 'INNODB_SYS_TABLESPACES'
2021-11-25 22:21:54 28700 [Note] Shutting down plugin 'INNODB_SYS_FOREIGN_COLS'
2021-11-25 22:21:54 28700 [Note] Shutting down plugin 'INNODB_SYS_FOREIGN'
2021-11-25 22:21:54 28700 [Note] Shutting down plugin 'INNODB_SYS_FIELDS'
2021-11-25 22:21:54 28700 [Note] Shutting down plugin 'INNODB_SYS_COLUMNS'
2021-11-25 22:21:54 28700 [Note] Shutting down plugin 'INNODB_SYS_INDEXES'
2021-11-25 22:21:54 28700 [Note] Shutting down plugin 'INNODB_SYS_TABLESTATS'
2021-11-25 22:21:54 28700 [Note] Shutting down plugin 'INNODB_SYS_TABLES'
2021-11-25 22:21:54 28700 [Note] Shutting down plugin 'INNODB_FT_INDEX_TABLE'
2021-11-25 22:21:54 28700 [Note] Shutting down plugin 'INNODB_FT_INDEX_CACHE'
2021-11-25 22:21:54 28700 [Note] Shutting down plugin 'INNODB_FT_CONFIG'
2021-11-25 22:21:54 28700 [Note] Shutting down plugin 'INNODB_FT_BEING_DELETED'
2021-11-25 22:21:54 28700 [Note] Shutting down plugin 'INNODB_FT_DELETED'
2021-11-25 22:21:54 28700 [Note] Shutting down plugin 'INNODB_FT_DEFAULT_STOPWORD'
2021-11-25 22:21:54 28700 [Note] Shutting down plugin 'INNODB_METRICS'
2021-11-25 22:21:54 28700 [Note] Shutting down plugin 'INNODB_BUFFER_POOL_STATS'
2021-11-25 22:21:54 28700 [Note] Shutting down plugin 'INNODB_BUFFER_PAGE_LRU'
2021-11-25 22:21:54 28700 [Note] Shutting down plugin 'INNODB_BUFFER_PAGE'
2021-11-25 22:21:54 28700 [Note] Shutting down plugin 'INNODB_CMP_PER_INDEX_RESET'
2021-11-25 22:21:54 28700 [Note] Shutting down plugin 'INNODB_CMP_PER_INDEX'
2021-11-25 22:21:54 28700 [Note] Shutting down plugin 'INNODB_CMPMEM_RESET'
2021-11-25 22:21:54 28700 [Note] Shutting down plugin 'INNODB_CMPMEM'
2021-11-25 22:21:54 28700 [Note] Shutting down plugin 'INNODB_CMP_RESET'
2021-11-25 22:21:54 28700 [Note] Shutting down plugin 'INNODB_CMP'
2021-11-25 22:21:54 28700 [Note] Shutting down plugin 'INNODB_LOCK_WAITS'
2021-11-25 22:21:54 28700 [Note] Shutting down plugin 'INNODB_LOCKS'
2021-11-25 22:21:54 28700 [Note] Shutting down plugin 'INNODB_TRX'
2021-11-25 22:21:54 28700 [Note] Shutting down plugin 'BLACKHOLE'
2021-11-25 22:21:54 28700 [Note] Shutting down plugin 'ARCHIVE'
2021-11-25 22:21:54 28700 [Note] Shutting down plugin 'MRG_MYISAM'
2021-11-25 22:21:54 28700 [Note] Shutting down plugin 'MyISAM'
2021-11-25 22:21:54 28700 [Note] Shutting down plugin 'MEMORY'
2021-11-25 22:21:54 28700 [Note] Shutting down plugin 'CSV'
2021-11-25 22:21:54 28700 [Note] Shutting down plugin 'sha256_password'
2021-11-25 22:21:54 28700 [Note] Shutting down plugin 'mysql_old_password'
2021-11-25 22:21:54 28700 [Note] Shutting down plugin 'mysql_native_password'
2021-11-25 22:21:54 28700 [Note] Shutting down plugin 'binlog'
2021-11-25 22:21:54 28700 [Note] D:\CR\usbwebserver/mysql/bin/mysqld_usbwv8.exe: Shutdown complete

2022-05-15 12:01:21 24656 [Note] Plugin 'FEDERATED' is disabled.
2022-05-15 12:01:21 24656 [Note] InnoDB: Using atomics to ref count buffer pool pages
2022-05-15 12:01:21 24656 [Note] InnoDB: The InnoDB memory heap is disabled
2022-05-15 12:01:21 24656 [Note] InnoDB: Mutexes and rw_locks use Windows interlocked functions
2022-05-15 12:01:21 24656 [Note] InnoDB: Memory barrier is not used
2022-05-15 12:01:21 24656 [Note] InnoDB: Compressed tables use zlib 1.2.3
2022-05-15 12:01:21 24656 [Note] InnoDB: Not using CPU crc32 instructions
2022-05-15 12:01:21 24656 [Note] InnoDB: Initializing buffer pool, size = 128.0M
2022-05-15 12:01:21 24656 [Note] InnoDB: Completed initialization of buffer pool
2022-05-15 12:01:21 24656 [Note] InnoDB: Highest supported file format is Barracuda.
2022-05-15 12:01:21 24656 [Note] InnoDB: The log sequence numbers 1626134 and 1626134 in ibdata files do not match the log sequence number 1740646 in the ib_logfiles!
2022-05-15 12:01:21 24656 [Note] InnoDB: Database was not shutdown normally!
2022-05-15 12:01:21 24656 [Note] InnoDB: Starting crash recovery.
2022-05-15 12:01:21 24656 [Note] InnoDB: Reading tablespace information from the .ibd files...
2022-05-15 12:01:21 24656 [Note] InnoDB: Restoring possible half-written data pages 
2022-05-15 12:01:21 24656 [Note] InnoDB: from the doublewrite buffer...
2022-05-15 12:01:22 24656 [Note] InnoDB: 128 rollback segment(s) are active.
2022-05-15 12:01:22 24656 [Note] InnoDB: Waiting for purge to start
2022-05-15 12:01:22 24656 [Note] InnoDB: 5.6.34 started; log sequence number 1740646
2022-05-15 12:01:22 24656 [Note] Server hostname (bind-address): '*'; port: 3306
2022-05-15 12:01:22 24656 [Note] IPv6 is available.
2022-05-15 12:01:22 24656 [Note]   - '::' resolves to '::';
2022-05-15 12:01:22 24656 [Note] Server socket created on IP: '::'.
2022-05-15 12:01:22 24656 [Note] Event Scheduler: Loaded 0 events
2022-05-15 12:01:22 24656 [Note] D:\CR\usbwebserver/mysql/bin/mysqld_usbwv8.exe: ready for connections.
Version: '5.6.34'  socket: ''  port: 3306  MySQL Community Server (GPL)
