2025-11-17 09:09:23 47368 [Note] Plugin 'FEDERATED' is disabled.
2025-11-17 09:09:23 47368 [Note] InnoDB: Using atomics to ref count buffer pool pages
2025-11-17 09:09:23 47368 [Note] InnoDB: The InnoDB memory heap is disabled
2025-11-17 09:09:23 47368 [Note] InnoDB: Mutexes and rw_locks use Windows interlocked functions
2025-11-17 09:09:23 47368 [Note] InnoDB: Memory barrier is not used
2025-11-17 09:09:23 47368 [Note] InnoDB: Compressed tables use zlib 1.2.3
2025-11-17 09:09:23 47368 [Note] InnoDB: Not using CPU crc32 instructions
2025-11-17 09:09:23 47368 [Note] InnoDB: Initializing buffer pool, size = 128.0M
2025-11-17 09:09:23 47368 [Note] InnoDB: Completed initialization of buffer pool
2025-11-17 09:09:23 47368 [Note] InnoDB: Highest supported file format is Barracuda.
2025-11-17 09:09:23 47368 [Note] InnoDB: The log sequence numbers 1626134 and 1626134 in ibdata files do not match the log sequence number 89052602 in the ib_logfiles!
2025-11-17 09:09:23 47368 [Note] InnoDB: Database was not shutdown normally!
2025-11-17 09:09:23 47368 [Note] InnoDB: Starting crash recovery.
2025-11-17 09:09:23 47368 [Note] InnoDB: Reading tablespace information from the .ibd files...
2025-11-17 09:09:23 47368 [Note] InnoDB: Restoring possible half-written data pages 
2025-11-17 09:09:24 47368 [Note] InnoDB: from the doublewrite buffer...
2025-11-17 09:09:24 47368 [Note] InnoDB: 128 rollback segment(s) are active.
2025-11-17 09:09:24 47368 [Note] InnoDB: Waiting for purge to start
2025-11-17 09:09:24 47368 [Note] InnoDB: 5.6.34 started; log sequence number 89052602
2025-11-17 09:09:24 47368 [Note] Server hostname (bind-address): '*'; port: 3306
2025-11-17 09:09:24 47368 [Note] IPv6 is available.
2025-11-17 09:09:24 47368 [Note]   - '::' resolves to '::';
2025-11-17 09:09:24 47368 [Note] Server socket created on IP: '::'.
2025-11-17 09:09:28 47368 [Note] Event Scheduler: Loaded 0 events
2025-11-17 09:09:28 47368 [Note] C:\Users\christian-david.rodr\Downloads\ActividadNodeJS\usbwebserver/mysql/bin/mysqld_usbwv8.exe: ready for connections.
Version: '5.6.34'  socket: ''  port: 3306  MySQL Community Server (GPL)
